16:51:15,645 (AWT-EventQueue-0) INFO  [uniandes.isis2304.superAndes.negocio.SuperAndes] - Adicionando la categoria null
16:51:16,336 (AWT-EventQueue-0) ERROR [uniandes.isis2304.superAndes.persistencia.PersistenciaSuperAndes] - Exception: Error con la ejecucion de Query de SQL "INSERT INTO A_CATEGORIA (nombre_categoria) values (?)".
ORA-01400: no se puede realizar una inserción NULL en ("ISIS2304A231820"."A_CATEGORIA"."NOMBRE_CATEGORIA")

16:51:16,368 (AWT-EventQueue-0) INFO  [uniandes.isis2304.superAndes.negocio.SuperAndes] - Saliendo de adicionar la categoria null
20:33:53,693 (AWT-EventQueue-0) INFO  [uniandes.isis2304.superAndes.negocio.SuperAndes] - Adicionando promocion 2018-05-06 00:00:00.0, 2018-05-06 00:00:00.0, dtrfyguh, ryvgbun, 2, 0
20:33:54,914 (AWT-EventQueue-0) ERROR [uniandes.isis2304.superAndes.persistencia.PersistenciaSuperAndes] - Exception : null

20:33:54,916 (AWT-EventQueue-0) INFO  [uniandes.isis2304.superAndes.negocio.SuperAndes] - Saliendo de adicionar promocion 2018-05-06 00:00:00.0, 2018-05-06 00:00:00.0, dtrfyguh, ryvgbun, 2, 0
20:36:44,187 (AWT-EventQueue-0) INFO  [uniandes.isis2304.superAndes.negocio.SuperAndes] - Adicionando promocion 2018-05-06 00:00:00.0, 2018-05-06 00:00:00.0, tdrfygubhnj, cyvbnj, 74, 0
20:36:46,000 (AWT-EventQueue-0) ERROR [uniandes.isis2304.superAndes.persistencia.PersistenciaSuperAndes] - Exception : null

20:36:46,940 (AWT-EventQueue-0) ERROR [uniandes.isis2304.superAndes.persistencia.PersistenciaSuperAndes] - Exception : Error con la ejecucion de Query de SQL "SELECT SuperAndes_sequence.nextval FROM DUAL".
ORA-02289: no existe la secuencia

20:36:46,942 (AWT-EventQueue-0) INFO  [uniandes.isis2304.superAndes.negocio.SuperAndes] - Saliendo de adicionar promocion 2018-05-06 00:00:00.0, 2018-05-06 00:00:00.0, tdrfygubhnj, cyvbnj, 74, 0
20:41:38,529 (AWT-EventQueue-0) INFO  [uniandes.isis2304.superAndes.negocio.SuperAndes] - Adicionando promocion 2018-05-06 00:00:00.0, 2018-05-06 00:00:00.0, rdyfguhij, sredtfyvgbhn, 25, 0
20:41:39,534 (AWT-EventQueue-0) ERROR [uniandes.isis2304.superAndes.persistencia.PersistenciaSuperAndes] - Exception : null

20:41:39,725 (AWT-EventQueue-0) ERROR [uniandes.isis2304.superAndes.persistencia.PersistenciaSuperAndes] - Exception : Error con la ejecucion de Query de SQL "SELECT SuperAndes_sequence.nextval FROM DUAL".
ORA-02289: no existe la secuencia

20:41:39,726 (AWT-EventQueue-0) INFO  [uniandes.isis2304.superAndes.negocio.SuperAndes] - Saliendo de adicionar promocion 2018-05-06 00:00:00.0, 2018-05-06 00:00:00.0, rdyfguhij, sredtfyvgbhn, 25, 0
20:42:50,293 (AWT-EventQueue-0) INFO  [uniandes.isis2304.superAndes.negocio.SuperAndes] - Adicionando promocion 2018-05-06 00:00:00.0, 2018-05-06 00:00:00.0, sdtuybin, extrcyvubiun, 52, 0
20:42:50,688 (AWT-EventQueue-0) ERROR [uniandes.isis2304.superAndes.persistencia.PersistenciaSuperAndes] - Exception : Error con la ejecucion de Query de SQL "SELECT SuperAndes_sequence.nextval FROM DUAL".
ORA-02289: no existe la secuencia

20:42:50,694 (AWT-EventQueue-0) INFO  [uniandes.isis2304.superAndes.negocio.SuperAndes] - Saliendo de adicionar promocion 2018-05-06 00:00:00.0, 2018-05-06 00:00:00.0, sdtuybin, extrcyvubiun, 52, 0
20:44:30,878 (AWT-EventQueue-0) INFO  [uniandes.isis2304.superAndes.negocio.SuperAndes] - Adicionando promocion 2018-05-06 00:00:00.0, 2018-05-06 00:00:00.0, drfytguhi, dftgyhuij, 25, 0
20:44:31,295 (AWT-EventQueue-0) ERROR [uniandes.isis2304.superAndes.persistencia.PersistenciaSuperAndes] - Exception : Error con la ejecucion de Query de SQL "SELECT SuperAndes_sequence.nextval FROM DUAL".
ORA-02289: no existe la secuencia

20:44:31,301 (AWT-EventQueue-0) INFO  [uniandes.isis2304.superAndes.negocio.SuperAndes] - Saliendo de adicionar promocion 2018-05-06 00:00:00.0, 2018-05-06 00:00:00.0, drfytguhi, dftgyhuij, 25, 0
20:45:34,103 (AWT-EventQueue-0) INFO  [uniandes.isis2304.superAndes.negocio.SuperAndes] - Adicionando promocion 2018-05-06 00:00:00.0, 2018-05-06 00:00:00.0, dftgyuhij, ytguhijo, 8, 0
20:45:34,511 (AWT-EventQueue-0) ERROR [uniandes.isis2304.superAndes.persistencia.PersistenciaSuperAndes] - Exception : Error con la ejecucion de Query de SQL "SELECT SuperAndes_sequence.nextval FROM DUAL".
ORA-02289: no existe la secuencia

20:45:34,517 (AWT-EventQueue-0) INFO  [uniandes.isis2304.superAndes.negocio.SuperAndes] - Saliendo de adicionar promocion 2018-05-06 00:00:00.0, 2018-05-06 00:00:00.0, dftgyuhij, ytguhijo, 8, 0
20:47:36,791 (AWT-EventQueue-0) INFO  [uniandes.isis2304.superAndes.negocio.SuperAndes] - Adicionando promocion 2018-05-06 00:00:00.0, 2018-05-06 00:00:00.0, dtrfyguhi, rftyguhij, 48, 0
20:47:38,368 (AWT-EventQueue-0) ERROR [uniandes.isis2304.superAndes.persistencia.PersistenciaSuperAndes] - Exception : Error con la ejecucion de Query de SQL "INSERT INTO A_PROMOCION(fecha_inicial, fecha_final, descripcion, codigo_barras, id_promocion, uni_vendidas, uni_disponibles) values (?, ?, ?, ?, ?, ?, ?)".
ORA-00904: "UNI_DISPONIBLES": identificador no válido

20:47:38,493 (AWT-EventQueue-0) INFO  [uniandes.isis2304.superAndes.negocio.SuperAndes] - Saliendo de adicionar promocion 2018-05-06 00:00:00.0, 2018-05-06 00:00:00.0, dtrfyguhi, rftyguhij, 48, 0
20:49:01,205 (AWT-EventQueue-0) INFO  [uniandes.isis2304.superAndes.negocio.SuperAndes] - Adicionando promocion 2018-05-06 00:00:00.0, 2018-05-06 00:00:00.0, dtrfygu, drtfyguhi, 18, 0
20:49:02,338 (AWT-EventQueue-0) ERROR [uniandes.isis2304.superAndes.persistencia.PersistenciaSuperAndes] - Exception : Error con la ejecucion de Query de SQL "INSERT INTO A_PROMOCION(fecha_inicial, fecha_final, descripcion, codigo_barras, id_promocion, unidades_vendidas, unidades_disponibles) values (?, ?, ?, ?, ?, ?, ?)".
ORA-00904: "FECHA_INICIAL": identificador no válido

20:49:02,420 (AWT-EventQueue-0) INFO  [uniandes.isis2304.superAndes.negocio.SuperAndes] - Saliendo de adicionar promocion 2018-05-06 00:00:00.0, 2018-05-06 00:00:00.0, dtrfygu, drtfyguhi, 18, 0
20:50:15,109 (AWT-EventQueue-0) INFO  [uniandes.isis2304.superAndes.negocio.SuperAndes] - Adicionando promocion 2018-05-06 00:00:00.0, 2018-05-06 00:00:00.0, drftguyh, rftguyhij, 2, 0
20:50:17,022 (AWT-EventQueue-0) ERROR [uniandes.isis2304.superAndes.persistencia.PersistenciaSuperAndes] - Exception : Error con la ejecucion de Query de SQL "INSERT INTO A_PROMOCION(fecha_inicial, fecha_final, descripcion, codigo_barras, id_promocion, unidades_vendidas, unidades_disponibles) values (?, ?, ?, ?, ?, ?, ?)".
ORA-00904: "FECHA_INICIAL": identificador no válido

20:50:17,252 (AWT-EventQueue-0) INFO  [uniandes.isis2304.superAndes.negocio.SuperAndes] - Saliendo de adicionar promocion 2018-05-06 00:00:00.0, 2018-05-06 00:00:00.0, drftguyh, rftguyhij, 2, 0
23:19:55,606 (AWT-EventQueue-0) INFO  [uniandes.isis2304.superAndes.negocio.SuperAndes] - Adicionando orden pedido 78451, 2018-05-06 00:00:00.0, drftgyh, drftgy, dtrfygh
23:19:58,205 (AWT-EventQueue-0) ERROR [uniandes.isis2304.superAndes.persistencia.PersistenciaSuperAndes] - Exception : Error con la ejecucion de Query de SQL "INSERT INTO A_ORDEN_PEDIDO(fecha_esperada_entrega, estado, fecha_entrega, calificacion_pedido, nit_proveedor, ciudad, direccion_sucursal, direccion_bodega, id_pedido) values (?, ?, ?, ?, ?, ?, ?, ?, ?)".
ORA-02291: restricción de integridad (ISIS2304A231820.FK_B_ORDEN_PEDIDO) violada - clave principal no encontrada

23:19:58,872 (AWT-EventQueue-0) INFO  [uniandes.isis2304.superAndes.negocio.SuperAndes] - Saliendo de adicionar orden pedido 78451, 2018-05-06 00:00:00.0, drftgyh, drftgy, dtrfygh
00:05:35,037 (AWT-EventQueue-0) INFO  [uniandes.isis2304.superAndes.negocio.SuperAndes] - Modificando orden pedido 89645, trfyguhij
00:05:35,766 (AWT-EventQueue-0) ERROR [uniandes.isis2304.superAndes.persistencia.PersistenciaSuperAndes] - Exception : Error con la ejecucion de Query de SQL "UPDATE A_ORDEN_PEDIDO SET estado = ?, calificacion_pedido = ?, fecha_entrega = ?  WHERE id = ?".
ORA-00904: "ID": identificador no válido

00:05:35,848 (AWT-EventQueue-0) INFO  [uniandes.isis2304.superAndes.negocio.SuperAndes] - Saliendo de modificar orden pedido 89645, trfyguhij
02:47:17,967 (AWT-EventQueue-0) INFO  [uniandes.isis2304.superAndes.negocio.SuperAndes] - Consultando promociones mas populares 
02:47:18,740 (AWT-EventQueue-0) INFO  [uniandes.isis2304.superAndes.negocio.SuperAndes] - Saliendo de consultar promociones mas populares 
03:10:18,878 (AWT-EventQueue-0) INFO  [uniandes.isis2304.superAndes.negocio.SuperAndes] - Consultando el dinero recolectado por sucursales en periodo de tiempo: 2018-05-06 00:00:00.0, 2018-05-06 00:00:00.0
03:10:19,859 (AWT-EventQueue-0) ERROR [uniandes.isis2304.superAndes.persistencia.PersistenciaSuperAndes] - Exception : Error con la ejecucion de Query de SQL "SELECT SUM(fac.costo_total) AS dinero_recolectado, direccion_sucursal, ciudad FROM A_FACTURA fac, A_FACTURASfa WHERE fac.id_factura = fa.id_factura AND fac.fecha BETWEEN ? AND ? GROUP BY direccion_sucursal, ciudad".
ORA-00942: la tabla o vista no existe

03:10:19,944 (AWT-EventQueue-0) INFO  [uniandes.isis2304.superAndes.negocio.SuperAndes] - Saliendo de consultar el dinero recolectado por sucursales en periodo de tiempo: 2018-05-06 00:00:00.0, 2018-05-06 00:00:00.0
03:11:25,142 (AWT-EventQueue-0) INFO  [uniandes.isis2304.superAndes.negocio.SuperAndes] - Consultando el dinero recolectado por sucursales en periodo de tiempo: 2018-05-06 00:00:00.0, 2018-05-06 00:00:00.0
03:11:25,958 (AWT-EventQueue-0) INFO  [uniandes.isis2304.superAndes.negocio.SuperAndes] - Saliendo de consultar el dinero recolectado por sucursales en periodo de tiempo: 2018-05-06 00:00:00.0, 2018-05-06 00:00:00.0
14:42:15,684 (AWT-EventQueue-0) INFO  [uniandes.isis2304.superAndes.negocio.SuperAndes] - Adicionando el producto m
14:42:16,028 (AWT-EventQueue-0) ERROR [uniandes.isis2304.superAndes.persistencia.PersistenciaSuperAndes] - Exception: Error con la ejecucion de Query de SQL "INSERT INTO A_PRODUCTO(nombre_producto, marca,precio_unitario, presentacion, precio_uni_medida,cant_presentacion,unidad_medida, cod_barras, calidad, fecha_vencimiento, peso_producto, volumen_producto) VALUES (?,?,?,?,?,?,?,?,?,?,?,?)".
Tipo de columna no válido
14:42:16,058 (AWT-EventQueue-0) INFO  [uniandes.isis2304.superAndes.negocio.SuperAndes] - Saliendo de adicionar el producto m
14:46:35,855 (AWT-EventQueue-0) INFO  [uniandes.isis2304.superAndes.negocio.SuperAndes] - Adicionando el producto m
14:46:36,418 (AWT-EventQueue-0) ERROR [uniandes.isis2304.superAndes.persistencia.PersistenciaSuperAndes] - Exception: Error con la ejecucion de Query de SQL "INSERT INTO A_PRODUCTO(nombre_producto, marca,precio_unitario, presentacion, precio_uni_medida,cant_presentacion,unidad_medida, cod_barras, calidad, fecha_vencimiento, peso_producto, volumen_producto) VALUES (?,?,?,?,?,?,?,?,?,?,?,?)".
Tipo de columna no válido
14:46:36,449 (AWT-EventQueue-0) INFO  [uniandes.isis2304.superAndes.negocio.SuperAndes] - Saliendo de adicionar el producto m
14:51:27,775 (AWT-EventQueue-0) INFO  [uniandes.isis2304.superAndes.negocio.SuperAndes] - Adicionando el producto m
14:51:28,135 (AWT-EventQueue-0) ERROR [uniandes.isis2304.superAndes.persistencia.PersistenciaSuperAndes] - Exception: Error con la ejecucion de Query de SQL "INSERT INTO A_PRODUCTO(nombre_producto, marca,precio_unitario, presentacion, precio_uni_medida,cant_presentacion,unidad_medida, cod_barras, calidad, fecha_vencimiento, peso_producto, volumen_producto) VALUES ('?','?',?,'?',?,?,'?','?','?','?','?','?')".
Índice de columna no válido
14:51:28,170 (AWT-EventQueue-0) INFO  [uniandes.isis2304.superAndes.negocio.SuperAndes] - Saliendo de adicionar el producto m
14:55:38,741 (AWT-EventQueue-0) INFO  [uniandes.isis2304.superAndes.negocio.SuperAndes] - Adicionando la categoria Congelados
14:55:39,103 (AWT-EventQueue-0) INFO  [uniandes.isis2304.superAndes.negocio.SuperAndes] - Saliendo de adicionar la categoria Congelados
14:55:48,337 (AWT-EventQueue-0) INFO  [uniandes.isis2304.superAndes.negocio.SuperAndes] - Adicionando el tipo de producto Lacteos
14:55:48,388 (AWT-EventQueue-0) INFO  [uniandes.isis2304.superAndes.negocio.SuperAndes] - Saliendo de adicionar el producto Lacteos
15:17:16,622 (AWT-EventQueue-0) INFO  [uniandes.isis2304.superAndes.negocio.SuperAndes] - Adicionando el producto a
15:17:16,966 (AWT-EventQueue-0) ERROR [uniandes.isis2304.superAndes.persistencia.PersistenciaSuperAndes] - Exception: Error con la ejecucion de Query de SQL "INSERT INTO A_PRODUCTO(nombre_producto, marca,precio_unitario, presentacion, precio_uni_medida,cant_presentacion,unidad_medida, cod_barras, calidad, fecha_vencimiento, peso_producto, volumen_producto) VALUES (?,?,?,?,?,?,?,?,?,'?',?,?)".
Tipo de columna no válido
15:17:17,007 (AWT-EventQueue-0) INFO  [uniandes.isis2304.superAndes.negocio.SuperAndes] - Saliendo de adicionar el producto a
15:24:41,601 (AWT-EventQueue-0) INFO  [uniandes.isis2304.superAndes.negocio.SuperAndes] - Adicionando el producto m
15:24:41,993 (AWT-EventQueue-0) INFO  [uniandes.isis2304.superAndes.negocio.SuperAndes] - Saliendo de adicionar el producto m
15:27:40,669 (AWT-EventQueue-0) INFO  [uniandes.isis2304.superAndes.negocio.SuperAndes] - Adicionando la bodega CL 1 #1-1, CR 13 13-9,Arauca
15:27:41,156 (AWT-EventQueue-0) INFO  [uniandes.isis2304.superAndes.negocio.SuperAndes] - Saliendo de adicionar la bodega CL 1 #1-1, CR 13 13-9,Arauca
15:34:41,086 (AWT-EventQueue-0) INFO  [uniandes.isis2304.superAndes.negocio.SuperAndes] - Adicionando el estante 1
15:34:41,475 (AWT-EventQueue-0) INFO  [uniandes.isis2304.superAndes.negocio.SuperAndes] - Saliendo de adicionar el estante 1
